<?xml version="1.0" encoding="UTF-8"?>
<!-- Generated by org.testng.reporters.JUnitXMLReporter -->
<testsuite ignored="6" hostname="DESKTOP-OFL8S08" failures="0" tests="1" name="Default test" time="19.306" errors="0" timestamp="2023-09-17T22:14:30 PKT">
  <testcase classname="appiumtests.PayMax" name="setCapabilities" time="19.218"/>
  <testcase classname="appiumtests.PayMax" name="invalidCredsEmailLogin" time="0.0">
    <ignored/>
  </testcase> <!-- invalidCredsEmailLogin -->
  <testcase classname="appiumtests.PayMax" name="validCredsEmailLogin" time="0.0">
    <ignored/>
  </testcase> <!-- validCredsEmailLogin -->
  <testcase classname="appiumtests.PayMax" name="signupUsingValidDetails" time="0.0">
    <ignored/>
  </testcase> <!-- signupUsingValidDetails -->
  <testcase classname="appiumtests.PayMax" name="invalidCredsPhoneLogin" time="0.0">
    <ignored/>
  </testcase> <!-- invalidCredsPhoneLogin -->
  <testcase classname="appiumtests.PayMax" name="validCredsPhoneLogin" time="0.0">
    <ignored/>
  </testcase> <!-- validCredsPhoneLogin -->
  <testcase classname="appiumtests.PayMax" name="OTPVerificationUsingValidOTP" time="0.0">
    <ignored/>
  </testcase> <!-- OTPVerificationUsingValidOTP -->
</testsuite> <!-- Default test -->
