<?xml version="1.0" encoding="UTF-8"?>
<testng-results ignored="6" total="7" passed="1" failed="0" skipped="0">
  <reporter-output>
  </reporter-output>
  <suite started-at="2023-09-17T22:14:11 PKT" name="Default suite" finished-at="2023-09-17T22:14:30 PKT" duration-ms="19306">
    <groups>
    </groups>
    <test started-at="2023-09-17T22:14:11 PKT" name="Default test" finished-at="2023-09-17T22:14:30 PKT" duration-ms="19306">
      <class name="appiumtests.PayMax">
        <test-method signature="setCapabilities()[pri:0, instance:appiumtests.PayMax@194bcebf]" started-at="2023-09-17T22:14:11 PKT" name="setCapabilities" finished-at="2023-09-17T22:14:30 PKT" duration-ms="19218" status="PASS">
          <reporter-output>
          </reporter-output>
        </test-method> <!-- setCapabilities -->
      </class> <!-- appiumtests.PayMax -->
    </test> <!-- Default test -->
  </suite> <!-- Default suite -->
</testng-results>
